<?xml version="1.0" encoding="UTF-8"?>
<!-- Generated by org.testng.reporters.JUnitXMLReporter -->
<testsuite hostname="DESKTOP-22LRUOR" tests="1" failures="1" timestamp="12 Nov 2016 23:24:49 GMT" time="9.943" errors="0">
  <testcase name="testSoma" time="1.615" classname="Soma">
    <failure type="java.lang.AssertionError" message="expected [Total das parcelar: 30] but found []">
      <![CDATA[java.lang.AssertionError: expected [Total das parcelar: 30] but found []
	at Soma.testSoma(Soma.java:36)
... Removed 31 stack frames]]>
    </failure>
  </testcase> <!-- testSoma -->
</testsuite>
